2984
5581
2357
4030
2822
2423
3596
3710
4281
2731
2721
1921
3610
5034
3903
2443
3262
3257
2835
3088
2695
3100
1737
2197
4134
3198
2701
2175
2010
3162
2595
4498
1845
2800
2992
3356
2331
2974
2360
3464
3615
1814
4405
2394
3443
2780
2227
3278
2910
2196
3260
1975
2377
3717
2841
3464
1876
2976
2633
3865
2033
3177
2492
3252
3389
3478
3794
4597
3160
2275
1809
1890
3709
3047
3230
3173
3038
3438
2440
2715
2134
2241
2624
2296
2928
3131
4071
4142
3427
2472
2402
2299
3123
2098
2469
2633
3223
3537
3806
3329
