619402
33684
334050
339361
595136
195184
203429
475950
643878
503790
120955
315345
616490
340541
264998
304292
617089
210554
412605
289356
389050
563477
144015
469019
143557
54973
97833
166940
386743
325195
4375
94636
489998
481115
154745
450672
314547
298358
234840
32273
72524
53657
144
16661
269381
256340
322320
630660
379314
630775
380932
7360
221911
119335
269193
573854
591792
176800
246150
542712
508393
384380
605924
113217
637414
337
260959
258660
88801
363812
202921
605932
360536
6052
417773
603361
14158
664610
315565
256310
469679
202500
652856
438881
48909
568742
1097
97192
223782
231177
64596
277787
487293
509308
633636
489542
27669
387720
57
208