1 5 0 0 4 4
2 5 0 0 4 4
1 5 0 4 0 4
1 7 0 3 3 4 0 0
2 7 0 3 3 4 0 0
1 7 0 0 3 4 0 3
3 7 10 3 10 0 0 6
3 7 0 10 10 3 0 6
3 7 0 10 10 6 0 3
1 0 14 16 3 4 0 6 0 0 9 10 11 12
2 0 14 16 3 4 0 6 0 0 9 10 11 12
4 0 14 0 3 4 16 6 0 0 9 10 11 12
8 0 0 0 3 8 8 6 8 8 9 10 0 0
9 9 0 0 3 0 0 6 8 8 8 10 0 8
9 0 0 0 8 3 0 6 8 8 9 10 0 8
2 0 2 21 4 4 24 6 0 0 0 0 0 12 13 14 0 16 17 18
4 0 2 21 4 4 24 6 0 0 0 0 0 12 13 14 0 16 17 18
5 0 0 21 0 4 24 6 0 4 0 0 0 12 13 14 2 16 17 18
1 0 0 21 22 4 5 6 7 9 9 10 0 12 0 0 15 16 0 18
2 0 0 21 22 4 5 6 7 0 9 9 10 12 0 0 15 16 0 18
2 0 0 21 22 4 5 6 7 9 9 10 0 12 0 0 15 16 0 18
