619402
33684
334050
339361
595136
195184
203429
475950
643878
503790
120955
315345
616490
340541
264998
304292
617089
210554
412605
289356
389050
563477
144015
469019
143557
54973
97833
166940
386743
325195
4395
94636
489998
481115
154745
450672
314547
298358
234840
32273
72524
53657
144
;; Data from here on out is wrong because they fucked up the test input data
;; Fucking idiots. See ex4-hard-fixed.out
282802
609994
26795
352408
536680
602610
204732
33829
60240
68719
320410
342769
430248
510112
609166
234139
17279
622899
107674
20694
495015
1058
65407
135632
93456
267616
267538
507098
143388
186324
653491
585568
591113
23710
355424
219072
597632
516543
332177
11934
38282
609129
467975
175764
566062
583767
117693
465556
240952
453799
394570
138840
262616
284420
620215
279826
50163
